\BOOKMARK [1][-]{section.1}{Introduction}{}% 1
\BOOKMARK [1][-]{section.2}{Background}{}% 2
\BOOKMARK [2][-]{subsection.2.1}{Related Work}{section.2}% 3
\BOOKMARK [2][-]{subsection.2.2}{Particle Swarm Optimization \(PSO\)}{section.2}% 4
\BOOKMARK [1][-]{section.3}{Preliminary}{}% 5
\BOOKMARK [1][-]{section.4}{BMOPSOCD for Web Service Location Allocation}{}% 6
\BOOKMARK [2][-]{subsection.4.1}{Particle Representation}{section.4}% 7
\BOOKMARK [2][-]{subsection.4.2}{Rounding Functions}{section.4}% 8
\BOOKMARK [3][-]{subsubsection.4.2.1}{A Static Rounding Function}{subsection.4.2}% 9
\BOOKMARK [3][-]{subsubsection.4.2.2}{Dynamic Rounding Functions}{subsection.4.2}% 10
\BOOKMARK [3][-]{subsubsection.4.2.3}{An Adaptive Threshold Approach}{subsection.4.2}% 11
\BOOKMARK [2][-]{subsection.4.3}{Fitness Function and Constraint Handling}{section.4}% 12
\BOOKMARK [2][-]{subsection.4.4}{The BMOPSOCD algorithm for Web Service Location Allocation}{section.4}% 13
\BOOKMARK [1][-]{section.5}{Experiment Design}{}% 14
\BOOKMARK [2][-]{subsection.5.1}{Datasets}{section.5}% 15
\BOOKMARK [2][-]{subsection.5.2}{Performance Metrics}{section.5}% 16
\BOOKMARK [2][-]{subsection.5.3}{Parameter Settings}{section.5}% 17
\BOOKMARK [2][-]{subsection.5.4}{Experiments on Rounding Functions}{section.5}% 18
\BOOKMARK [3][-]{subsubsection.5.4.1}{Static Rounding Function}{subsection.5.4}% 19
\BOOKMARK [3][-]{subsubsection.5.4.2}{Dynamic Rounding Function}{subsection.5.4}% 20
\BOOKMARK [3][-]{subsubsection.5.4.3}{An Adaptive Threshold Approach}{subsection.5.4}% 21
\BOOKMARK [3][-]{subsubsection.5.4.4}{Comparison between Dynamic Rounding Functions}{subsection.5.4}% 22
\BOOKMARK [3][-]{subsubsection.5.4.5}{Results for the Adaptive Threshold Approach}{subsection.5.4}% 23
\BOOKMARK [3][-]{subsubsection.5.4.6}{A Combination of Static Function}{subsection.5.4}% 24
\BOOKMARK [2][-]{subsection.5.5}{BMOPSOCD versus NSPSO, NSGA-II and BPSO}{section.5}% 25
\BOOKMARK [1][-]{section.6}{Conclusion and Future Work}{}% 26
\BOOKMARK [1][-]{section*.12}{References}{}% 27
