This is pdfTeX, Version 3.14159265-2.6-1.40.17 (Web2C 2016) (preloaded format=pdflatex 2016.6.19)  6 SEP 2016 15:33
entering extended mode
 restricted \write18 enabled.
 %&-line parsing enabled.
**serivce_allocation_v2.tex
(./serivce_allocation_v2.tex
LaTeX2e <2016/03/31>
Babel <3.9r> and hyphenation patterns for 40 language(s) loaded.
(/usr/pkg/share/texmf-dist/tex/latex/IEEEtran/IEEEtran.cls
Document Class: IEEEtran 2015/08/26 V1.8b by Michael Shell
-- See the "IEEEtran_HOWTO" manual for usage information.
-- http://www.michaelshell.org/tex/ieeetran/
\@IEEEtrantmpdimenA=\dimen102
\@IEEEtrantmpdimenB=\dimen103
\@IEEEtrantmpdimenC=\dimen104
\@IEEEtrantmpcountA=\count79
\@IEEEtrantmpcountB=\count80
\@IEEEtrantmpcountC=\count81
\@IEEEtrantmptoksA=\toks14
LaTeX Font Info:    Try loading font information for OT1+ppl on input line 503.

(/usr/pkg/share/texmf-dist/tex/latex/psnfss/ot1ppl.fd
File: ot1ppl.fd 2001/06/04 font definitions for OT1/ppl.
)
-- Using IEEE Computer Society mode.
-- Using 8.5in x 11in (letter) paper.
-- Using PDF output.
\@IEEEnormalsizeunitybaselineskip=\dimen105
-- This is a 10 point document.
\CLASSINFOnormalsizebaselineskip=\dimen106
\CLASSINFOnormalsizeunitybaselineskip=\dimen107
\IEEEnormaljot=\dimen108
LaTeX Font Info:    Font shape `OT1/ppl/bx/n' in size <5.01874> not available
(Font)              Font shape `OT1/ppl/b/n' tried instead on input line 1090.
LaTeX Font Info:    Font shape `OT1/ppl/bx/it' in size <5.01874> not available
(Font)              Font shape `OT1/ppl/b/it' tried instead on input line 1090.

LaTeX Font Info:    Font shape `OT1/ppl/bx/n' in size <7.02625> not available
(Font)              Font shape `OT1/ppl/b/n' tried instead on input line 1090.
LaTeX Font Info:    Font shape `OT1/ppl/bx/it' in size <7.02625> not available
(Font)              Font shape `OT1/ppl/b/it' tried instead on input line 1090.

LaTeX Font Info:    Font shape `OT1/ppl/bx/n' in size <8.03> not available
(Font)              Font shape `OT1/ppl/b/n' tried instead on input line 1090.
LaTeX Font Info:    Font shape `OT1/ppl/bx/it' in size <8.03> not available
(Font)              Font shape `OT1/ppl/b/it' tried instead on input line 1090.

LaTeX Font Info:    Font shape `OT1/ppl/bx/n' in size <9.03374> not available
(Font)              Font shape `OT1/ppl/b/n' tried instead on input line 1090.
LaTeX Font Info:    Font shape `OT1/ppl/bx/it' in size <9.03374> not available
(Font)              Font shape `OT1/ppl/b/it' tried instead on input line 1090.

LaTeX Font Info:    Font shape `OT1/ppl/bx/n' in size <9.53561> not available
(Font)              Font shape `OT1/ppl/b/n' tried instead on input line 1090.
LaTeX Font Info:    Font shape `OT1/ppl/bx/it' in size <9.53561> not available
(Font)              Font shape `OT1/ppl/b/it' tried instead on input line 1090.

LaTeX Font Info:    Font shape `OT1/ppl/bx/n' in size <11.04124> not available
(Font)              Font shape `OT1/ppl/b/n' tried instead on input line 1090.
LaTeX Font Info:    Font shape `OT1/ppl/bx/it' in size <11.04124> not available

(Font)              Font shape `OT1/ppl/b/it' tried instead on input line 1090.

LaTeX Font Info:    Font shape `OT1/ppl/bx/n' in size <12.045> not available
(Font)              Font shape `OT1/ppl/b/n' tried instead on input line 1090.
LaTeX Font Info:    Font shape `OT1/ppl/bx/it' in size <12.045> not available
(Font)              Font shape `OT1/ppl/b/it' tried instead on input line 1090.

LaTeX Font Info:    Font shape `OT1/ppl/bx/n' in size <17.06374> not available
(Font)              Font shape `OT1/ppl/b/n' tried instead on input line 1090.
LaTeX Font Info:    Font shape `OT1/ppl/bx/it' in size <17.06374> not available

(Font)              Font shape `OT1/ppl/b/it' tried instead on input line 1090.

LaTeX Font Info:    Font shape `OT1/ppl/bx/n' in size <20.075> not available
(Font)              Font shape `OT1/ppl/b/n' tried instead on input line 1090.
LaTeX Font Info:    Font shape `OT1/ppl/bx/it' in size <20.075> not available
(Font)              Font shape `OT1/ppl/b/it' tried instead on input line 1090.

LaTeX Font Info:    Font shape `OT1/ppl/bx/n' in size <24.09> not available
(Font)              Font shape `OT1/ppl/b/n' tried instead on input line 1090.
LaTeX Font Info:    Font shape `OT1/ppl/bx/it' in size <24.09> not available
(Font)              Font shape `OT1/ppl/b/it' tried instead on input line 1090.

\IEEEquantizedlength=\dimen109
\IEEEquantizedlengthdiff=\dimen110
\IEEEquantizedtextheightdiff=\dimen111
\IEEEilabelindentA=\dimen112
\IEEEilabelindentB=\dimen113
\IEEEilabelindent=\dimen114
\IEEEelabelindent=\dimen115
\IEEEdlabelindent=\dimen116
\IEEElabelindent=\dimen117
\IEEEiednormlabelsep=\dimen118
\IEEEiedmathlabelsep=\dimen119
\IEEEiedtopsep=\skip41
\c@section=\count82
\c@subsection=\count83
\c@subsubsection=\count84
\c@paragraph=\count85
\c@IEEEsubequation=\count86
\abovecaptionskip=\skip42
\belowcaptionskip=\skip43
\c@figure=\count87
\c@table=\count88
\@IEEEeqnnumcols=\count89
\@IEEEeqncolcnt=\count90
\@IEEEsubeqnnumrollback=\count91
\@IEEEquantizeheightA=\dimen120
\@IEEEquantizeheightB=\dimen121
\@IEEEquantizeheightC=\dimen122
\@IEEEquantizeprevdepth=\dimen123
\@IEEEquantizemultiple=\count92
\@IEEEquantizeboxA=\box26
\@IEEEtmpitemindent=\dimen124
\IEEEPARstartletwidth=\dimen125
\c@IEEEbiography=\count93
\@IEEEtranrubishbin=\box27
) (/usr/pkg/share/texmf-dist/tex/latex/graphics/graphicx.sty
Package: graphicx 2014/10/28 v1.0g Enhanced LaTeX Graphics (DPC,SPQR)

(/usr/pkg/share/texmf-dist/tex/latex/graphics/keyval.sty
Package: keyval 2014/10/28 v1.15 key=value parser (DPC)
\KV@toks@=\toks15
)
(/usr/pkg/share/texmf-dist/tex/latex/graphics/graphics.sty
Package: graphics 2016/07/10 v1.0t Standard LaTeX Graphics (DPC,SPQR)

(/usr/pkg/share/texmf-dist/tex/latex/graphics/trig.sty
Package: trig 2016/01/03 v1.10 sin cos tan (DPC)
)
(/usr/pkg/share/texmf-dist/tex/latex/graphics-cfg/graphics.cfg
File: graphics.cfg 2016/06/04 v1.11 sample graphics configuration
)
Package graphics Info: Driver file: pdftex.def on input line 99.

(/usr/pkg/share/texmf-dist/tex/latex/graphics-def/pdftex.def
File: pdftex.def 2016/07/10 v0.06j Graphics/color for pdfTeX

(/usr/pkg/share/texmf-dist/tex/generic/oberdiek/infwarerr.sty
Package: infwarerr 2016/05/16 v1.4 Providing info/warning/error messages (HO)
)
(/usr/pkg/share/texmf-dist/tex/generic/oberdiek/ltxcmds.sty
Package: ltxcmds 2016/05/16 v1.23 LaTeX kernel commands for general use (HO)
)
\Gread@gobject=\count94
))
\Gin@req@height=\dimen126
\Gin@req@width=\dimen127
)
(/usr/pkg/share/texmf-dist/tex/latex/amsmath/amsmath.sty
Package: amsmath 2016/06/28 v2.15d AMS math features
\@mathmargin=\skip44

For additional information on amsmath, use the `?' option.
(/usr/pkg/share/texmf-dist/tex/latex/amsmath/amstext.sty
Package: amstext 2000/06/29 v2.01 AMS text

(/usr/pkg/share/texmf-dist/tex/latex/amsmath/amsgen.sty
File: amsgen.sty 1999/11/30 v2.0 generic functions
\@emptytoks=\toks16
\ex@=\dimen128
))
(/usr/pkg/share/texmf-dist/tex/latex/amsmath/amsbsy.sty
Package: amsbsy 1999/11/29 v1.2d Bold Symbols
\pmbraise@=\dimen129
)
(/usr/pkg/share/texmf-dist/tex/latex/amsmath/amsopn.sty
Package: amsopn 2016/03/08 v2.02 operator names
)
\inf@bad=\count95
LaTeX Info: Redefining \frac on input line 199.
\uproot@=\count96
\leftroot@=\count97
LaTeX Info: Redefining \overline on input line 297.
\classnum@=\count98
\DOTSCASE@=\count99
LaTeX Info: Redefining \ldots on input line 394.
LaTeX Info: Redefining \dots on input line 397.
LaTeX Info: Redefining \cdots on input line 518.
\Mathstrutbox@=\box28
\strutbox@=\box29
\big@size=\dimen130
LaTeX Font Info:    Redeclaring font encoding OML on input line 634.
LaTeX Font Info:    Redeclaring font encoding OMS on input line 635.
\macc@depth=\count100
\c@MaxMatrixCols=\count101
\dotsspace@=\muskip10
\c@parentequation=\count102
\dspbrk@lvl=\count103
\tag@help=\toks17
\row@=\count104
\column@=\count105
\maxfields@=\count106
\andhelp@=\toks18
\eqnshift@=\dimen131
\alignsep@=\dimen132
\tagshift@=\dimen133
\tagwidth@=\dimen134
\totwidth@=\dimen135
\lineht@=\dimen136
\@envbody=\toks19
\multlinegap=\skip45
\multlinetaggap=\skip46
\mathdisplay@stack=\toks20
LaTeX Info: Redefining \[ on input line 2739.
LaTeX Info: Redefining \] on input line 2740.
)
(/usr/pkg/share/texmf-dist/tex/latex/amsfonts/amsfonts.sty
Package: amsfonts 2013/01/14 v3.01 Basic AMSFonts support
\symAMSa=\mathgroup4
\symAMSb=\mathgroup5
LaTeX Font Info:    Overwriting math alphabet `\mathfrak' in version `bold'
(Font)                  U/euf/m/n --> U/euf/b/n on input line 106.
)
(/usr/pkg/share/texmf-dist/tex/latex/float/float.sty
Package: float 2001/11/08 v1.3d Float enhancements (AL)
\c@float@type=\count107
\float@exts=\toks21
\float@box=\box30
\@float@everytoks=\toks22
\@floatcapt=\box31
)
(/usr/pkg/share/texmf-dist/tex/latex/mathtools/mathtools.sty
Package: mathtools 2015/11/12 v1.18 mathematical typesetting tools

(/usr/pkg/share/texmf-dist/tex/latex/tools/calc.sty
Package: calc 2014/10/28 v4.3 Infix arithmetic (KKT,FJ)
\calc@Acount=\count108
\calc@Bcount=\count109
\calc@Adimen=\dimen137
\calc@Bdimen=\dimen138
\calc@Askip=\skip47
\calc@Bskip=\skip48
LaTeX Info: Redefining \setlength on input line 80.
LaTeX Info: Redefining \addtolength on input line 81.
\calc@Ccount=\count110
\calc@Cskip=\skip49
)
(/usr/pkg/share/texmf-dist/tex/latex/mathtools/mhsetup.sty
Package: mhsetup 2010/01/21 v1.2a programming setup (MH)
)
LaTeX Info: Thecontrolsequence`\('isalreadyrobust on input line 129.
LaTeX Info: Thecontrolsequence`\)'isalreadyrobust on input line 129.
LaTeX Info: Thecontrolsequence`\['isalreadyrobust on input line 129.
LaTeX Info: Thecontrolsequence`\]'isalreadyrobust on input line 129.
\g_MT_multlinerow_int=\count111
\l_MT_multwidth_dim=\dimen139
\origjot=\skip50
\l_MT_shortvdotswithinadjustabove_dim=\dimen140
\l_MT_shortvdotswithinadjustbelow_dim=\dimen141
\l_MT_above_intertext_sep=\dimen142
\l_MT_below_intertext_sep=\dimen143
\l_MT_above_shortintertext_sep=\dimen144
\l_MT_below_shortintertext_sep=\dimen145
)
(/usr/pkg/share/texmf-dist/tex/latex/hyperref/hyperref.sty
Package: hyperref 2016/06/24 v6.83q Hypertext links for LaTeX

(/usr/pkg/share/texmf-dist/tex/generic/oberdiek/hobsub-hyperref.sty
Package: hobsub-hyperref 2016/05/16 v1.14 Bundle oberdiek, subset hyperref (HO)


(/usr/pkg/share/texmf-dist/tex/generic/oberdiek/hobsub-generic.sty
Package: hobsub-generic 2016/05/16 v1.14 Bundle oberdiek, subset generic (HO)
Package: hobsub 2016/05/16 v1.14 Construct package bundles (HO)
Package hobsub Info: Skipping package `infwarerr' (already loaded).
Package hobsub Info: Skipping package `ltxcmds' (already loaded).
Package: ifluatex 2016/05/16 v1.4 Provides the ifluatex switch (HO)
Package ifluatex Info: LuaTeX not detected.
Package: ifvtex 2016/05/16 v1.6 Detect VTeX and its facilities (HO)
Package ifvtex Info: VTeX not detected.
Package: intcalc 2016/05/16 v1.2 Expandable calculations with integers (HO)
Package: ifpdf 2016/05/14 v3.1 Provides the ifpdf switch
Package: etexcmds 2016/05/16 v1.6 Avoid name clashes with e-TeX commands (HO)
Package etexcmds Info: Could not find \expanded.
(etexcmds)             That can mean that you are not using pdfTeX 1.50 or
(etexcmds)             that some package has redefined \expanded.
(etexcmds)             In the latter case, load this package earlier.
Package: kvsetkeys 2016/05/16 v1.17 Key value parser (HO)
Package: kvdefinekeys 2016/05/16 v1.4 Define keys (HO)
Package: pdftexcmds 2016/05/21 v0.22 Utility functions of pdfTeX for LuaTeX (HO
)
Package pdftexcmds Info: LuaTeX not detected.
Package pdftexcmds Info: \pdf@primitive is available.
Package pdftexcmds Info: \pdf@ifprimitive is available.
Package pdftexcmds Info: \pdfdraftmode found.
Package: pdfescape 2016/05/16 v1.14 Implements pdfTeX's escape features (HO)
Package: bigintcalc 2016/05/16 v1.4 Expandable calculations on big integers (HO
)
Package: bitset 2016/05/16 v1.2 Handle bit-vector datatype (HO)
Package: uniquecounter 2016/05/16 v1.3 Provide unlimited unique counter (HO)
)
Package hobsub Info: Skipping package `hobsub' (already loaded).
Package: letltxmacro 2016/05/16 v1.5 Let assignment for LaTeX macros (HO)
Package: hopatch 2016/05/16 v1.3 Wrapper for package hooks (HO)
Package: xcolor-patch 2016/05/16 xcolor patch
Package: atveryend 2016/05/16 v1.9 Hooks at the very end of document (HO)
Package atveryend Info: \enddocument detected (standard20110627).
Package: atbegshi 2016/06/09 v1.18 At begin shipout hook (HO)
Package: refcount 2016/05/16 v3.5 Data extraction from label references (HO)
Package: hycolor 2016/05/16 v1.8 Color options for hyperref/bookmark (HO)
)
(/usr/pkg/share/texmf-dist/tex/generic/ifxetex/ifxetex.sty
Package: ifxetex 2010/09/12 v0.6 Provides ifxetex conditional
)
(/usr/pkg/share/texmf-dist/tex/latex/oberdiek/auxhook.sty
Package: auxhook 2016/05/16 v1.4 Hooks for auxiliary files (HO)
)
(/usr/pkg/share/texmf-dist/tex/latex/oberdiek/kvoptions.sty
Package: kvoptions 2016/05/16 v3.12 Key value format for package options (HO)
)
\@linkdim=\dimen146
\Hy@linkcounter=\count112
\Hy@pagecounter=\count113

(/usr/pkg/share/texmf-dist/tex/latex/hyperref/pd1enc.def
File: pd1enc.def 2016/06/24 v6.83q Hyperref: PDFDocEncoding definition (HO)
)
\Hy@SavedSpaceFactor=\count114

(/usr/pkg/share/texmf-dist/tex/latex/latexconfig/hyperref.cfg
File: hyperref.cfg 2002/06/06 v1.2 hyperref configuration of TeXLive
)
Package hyperref Info: Hyper figures OFF on input line 4486.
Package hyperref Info: Link nesting OFF on input line 4491.
Package hyperref Info: Hyper index ON on input line 4494.
Package hyperref Info: Plain pages OFF on input line 4501.
Package hyperref Info: Backreferencing OFF on input line 4506.
Package hyperref Info: Implicit mode ON; LaTeX internals redefined.
Package hyperref Info: Bookmarks ON on input line 4735.
\c@Hy@tempcnt=\count115

(/usr/pkg/share/texmf-dist/tex/latex/url/url.sty
\Urlmuskip=\muskip11
Package: url 2013/09/16  ver 3.4  Verb mode for urls, etc.
)
LaTeX Info: Redefining \url on input line 5088.
\XeTeXLinkMargin=\dimen147
\Fld@menulength=\count116
\Field@Width=\dimen148
\Fld@charsize=\dimen149
Package hyperref Info: Hyper figures OFF on input line 6342.
Package hyperref Info: Link nesting OFF on input line 6347.
Package hyperref Info: Hyper index ON on input line 6350.
Package hyperref Info: backreferencing OFF on input line 6357.
Package hyperref Info: Link coloring OFF on input line 6362.
Package hyperref Info: Link coloring with OCG OFF on input line 6367.
Package hyperref Info: PDF/A mode OFF on input line 6372.
LaTeX Info: Redefining \ref on input line 6412.
LaTeX Info: Redefining \pageref on input line 6416.
\Hy@abspage=\count117
\c@Item=\count118
\c@Hfootnote=\count119
)

Package hyperref Message: Driver (autodetected): hpdftex.

(/usr/pkg/share/texmf-dist/tex/latex/hyperref/hpdftex.def
File: hpdftex.def 2016/06/24 v6.83q Hyperref driver for pdfTeX
\Fld@listcount=\count120
\c@bookmark@seq@number=\count121

(/usr/pkg/share/texmf-dist/tex/latex/oberdiek/rerunfilecheck.sty
Package: rerunfilecheck 2016/05/16 v1.8 Rerun checks for auxiliary files (HO)
Package uniquecounter Info: New unique counter `rerunfilecheck' on input line 2
82.
)
\Hy@SectionHShift=\skip51
)
(/usr/pkg/share/texmf-dist/tex/latex/tools/multicol.sty
Package: multicol 2016/04/07 v1.8p multicolumn formatting (FMi)
\c@tracingmulticols=\count122
\mult@box=\box32
\multicol@leftmargin=\dimen150
\c@unbalance=\count123
\c@collectmore=\count124
\doublecol@number=\count125
\multicoltolerance=\count126
\multicolpretolerance=\count127
\full@width=\dimen151
\page@free=\dimen152
\premulticols=\dimen153
\postmulticols=\dimen154
\multicolsep=\skip52
\multicolbaselineskip=\skip53
\partial@page=\box33
\last@line=\box34
\maxbalancingoverflow=\dimen155
\mult@rightbox=\box35
\mult@grightbox=\box36
\mult@gfirstbox=\box37
\mult@firstbox=\box38
\@tempa=\box39
\@tempa=\box40
\@tempa=\box41
\@tempa=\box42
\@tempa=\box43
\@tempa=\box44
\@tempa=\box45
\@tempa=\box46
\@tempa=\box47
\@tempa=\box48
\@tempa=\box49
\@tempa=\box50
\@tempa=\box51
\@tempa=\box52
\@tempa=\box53
\@tempa=\box54
\@tempa=\box55
\c@columnbadness=\count128
\c@finalcolumnbadness=\count129
\last@try=\dimen156
\multicolovershoot=\dimen157
\multicolundershoot=\dimen158
\mult@nat@firstbox=\box56
\colbreak@box=\box57
\mc@col@check@num=\count130
)
(/usr/pkg/share/texmf-dist/tex/latex/tools/array.sty
Package: array 2014/10/28 v2.4c Tabular extension package (FMi)
\col@sep=\dimen159
\extrarowheight=\dimen160
\NC@list=\toks23
\extratabsurround=\skip54
\backup@length=\skip55
)
(/usr/pkg/share/texmf-dist/tex/latex/amsfonts/amssymb.sty
Package: amssymb 2013/01/14 v3.01 AMS font symbols
)
(/usr/pkg/share/texmf-dist/tex/latex/algorithms/algorithm.sty
Package: algorithm 2009/08/24 v0.1 Document Style `algorithm' - floating enviro
nment

(/usr/pkg/share/texmf-dist/tex/latex/base/ifthen.sty
Package: ifthen 2014/09/29 v1.1c Standard LaTeX ifthen package (DPC)
)
\@float@every@algorithm=\toks24
\c@algorithm=\count131
)
(/usr/pkg/share/texmf-dist/tex/latex/algorithmicx/algpseudocode.sty
Package: algpseudocode 

(/usr/pkg/share/texmf-dist/tex/latex/algorithmicx/algorithmicx.sty
Package: algorithmicx 2005/04/27 v1.2 Algorithmicx

Document Style algorithmicx 1.2 - a greatly improved `algorithmic' style
\c@ALG@line=\count132
\c@ALG@rem=\count133
\c@ALG@nested=\count134
\ALG@tlm=\skip56
\ALG@thistlm=\skip57
\c@ALG@Lnr=\count135
\c@ALG@blocknr=\count136
\c@ALG@storecount=\count137
\c@ALG@tmpcounter=\count138
\ALG@tmplength=\skip58
)
Document Style - pseudocode environments for use with the `algorithmicx' style
) (/usr/pkg/share/texmf-dist/tex/latex/caption/subcaption.sty
Package: subcaption 2016/05/22 v1.1-161 Sub-captions (AR)

(/usr/pkg/share/texmf-dist/tex/latex/caption/caption.sty
Package: caption 2016/02/21 v3.3-144 Customizing captions (AR)

(/usr/pkg/share/texmf-dist/tex/latex/caption/caption3.sty
Package: caption3 2016/05/22 v1.7-166 caption3 kernel (AR)
Package caption3 Info: TeX engine: e-TeX on input line 67.
\captionmargin=\dimen161
\captionmargin@=\dimen162
\captionwidth=\dimen163
\caption@tempdima=\dimen164
\caption@indent=\dimen165
\caption@parindent=\dimen166
\caption@hangindent=\dimen167
Package caption Info: Unknown document class (or package),
(caption)             standard defaults will be used.
)

Package caption Warning: Unsupported document class (or package) detected,
(caption)                usage of the caption package is not recommended.
See the caption package documentation for explanation.

Package caption Info: \@makecaption = \long macro:#1#2->\ifx \@captype \@IEEEta
blestring \footnotesize \bgroup \par \centering \@IEEEtabletopskipstrut {\norma
lfont \sffamily \footnotesize #1}\\{\normalfont \sffamily \footnotesize #2}\par
 \addvspace {0.5\baselineskip }\egroup \@IEEEtablecaptionsepspace \else \@IEEEf
igurecaptionsepspace \setbox \@tempboxa \hbox {\normalfont \sffamily \footnotes
ize {#1.}\nobreakspace #2}\ifdim \wd \@tempboxa >\hsize \setbox \@tempboxa \hbo
x {\normalfont \sffamily \footnotesize {#1.}\nobreakspace }\parbox [t]{\hsize }
{\normalfont \sffamily \footnotesize \noindent \unhbox \@tempboxa #2}\else \hbo
x to\hsize {\normalfont \sffamily \footnotesize \box \@tempboxa \hfil }\fi \fi 
.
\c@ContinuedFloat=\count139
Package caption Info: float package is loaded.
Package caption Info: hyperref package is loaded.
)
\c@subfigure=\count140
\c@subtable=\count141
)
\c@example=\count142
\c@definition=\count143
 (/usr/pkg/share/texmf-dist/tex/latex/cite/cite.sty
LaTeX Info: Redefining \cite on input line 302.
LaTeX Info: Redefining \nocite on input line 332.
Package: cite 2015/02/27  v 5.5
)
(./serivce_allocation_v2.aux)
\openout1 = `serivce_allocation_v2.aux'.

LaTeX Font Info:    Checking defaults for OML/cmm/m/it on input line 43.
LaTeX Font Info:    ... okay on input line 43.
LaTeX Font Info:    Checking defaults for T1/cmr/m/n on input line 43.
LaTeX Font Info:    ... okay on input line 43.
LaTeX Font Info:    Checking defaults for OT1/cmr/m/n on input line 43.
LaTeX Font Info:    ... okay on input line 43.
LaTeX Font Info:    Checking defaults for OMS/cmsy/m/n on input line 43.
LaTeX Font Info:    ... okay on input line 43.
LaTeX Font Info:    Checking defaults for OMX/cmex/m/n on input line 43.
LaTeX Font Info:    ... okay on input line 43.
LaTeX Font Info:    Checking defaults for U/cmr/m/n on input line 43.
LaTeX Font Info:    ... okay on input line 43.
LaTeX Font Info:    Checking defaults for PD1/pdf/m/n on input line 43.
LaTeX Font Info:    ... okay on input line 43.

-- Lines per column: 61 (exact).
(/usr/pkg/share/texmf-dist/tex/context/base/mkii/supp-pdf.mkii
[Loading MPS to PDF converter (version 2006.09.02).]
\scratchcounter=\count144
\scratchdimen=\dimen168
\scratchbox=\box58
\nofMPsegments=\count145
\nofMParguments=\count146
\everyMPshowfont=\toks25
\MPscratchCnt=\count147
\MPscratchDim=\dimen169
\MPnumerator=\count148
\makeMPintoPDFobject=\count149
\everyMPtoPDFconversion=\toks26
) (/usr/pkg/share/texmf-dist/tex/latex/oberdiek/epstopdf-base.sty
Package: epstopdf-base 2016/05/15 v2.6 Base part for package epstopdf

(/usr/pkg/share/texmf-dist/tex/latex/oberdiek/grfext.sty
Package: grfext 2016/05/16 v1.2 Manage graphics extensions (HO)
)
Package epstopdf-base Info: Redefining graphics rule for `.eps' on input line 4
38.
Package grfext Info: Graphics extension search list:
(grfext)             [.png,.pdf,.jpg,.mps,.jpeg,.jbig2,.jb2,.PNG,.PDF,.JPG,.JPE
G,.JBIG2,.JB2,.eps]
(grfext)             \AppendGraphicsExtensions on input line 456.

(/usr/pkg/share/texmf-dist/tex/latex/latexconfig/epstopdf-sys.cfg
File: epstopdf-sys.cfg 2010/07/13 v1.3 Configuration of (r)epstopdf for TeX Liv
e
))
\AtBeginShipoutBox=\box59
Package hyperref Info: Link coloring OFF on input line 43.

(/usr/pkg/share/texmf-dist/tex/latex/hyperref/nameref.sty
Package: nameref 2016/05/21 v2.44 Cross-referencing by name of section

(/usr/pkg/share/texmf-dist/tex/generic/oberdiek/gettitlestring.sty
Package: gettitlestring 2016/05/16 v1.5 Cleanup title references (HO)
)
\c@section@level=\count150
)
LaTeX Info: Redefining \ref on input line 43.
LaTeX Info: Redefining \pageref on input line 43.
LaTeX Info: Redefining \nameref on input line 43.

(./serivce_allocation_v2.out) (./serivce_allocation_v2.out)
\@outlinefile=\write3
\openout3 = `serivce_allocation_v2.out'.

Package caption Info: Begin \AtBeginDocument code.
Package caption Info: End \AtBeginDocument code.
LaTeX Font Info:    Try loading font information for OT1+phv on input line 78.

(/usr/pkg/share/texmf-dist/tex/latex/psnfss/ot1phv.fd
File: ot1phv.fd 2001/06/04 scalable font definitions for OT1/phv.
)
LaTeX Font Info:    Font shape `OT1/phv/bx/n' in size <8.03> not available
(Font)              Font shape `OT1/phv/b/n' tried instead on input line 78.
LaTeX Font Info:    Calculating math sizes for size <11.04124> on input line 78
.
LaTeX Font Info:    Try loading font information for U+msa on input line 78.

(/usr/pkg/share/texmf-dist/tex/latex/amsfonts/umsa.fd
File: umsa.fd 2013/01/14 v3.01 AMS symbols A
)
LaTeX Font Info:    Try loading font information for U+msb on input line 78.

(/usr/pkg/share/texmf-dist/tex/latex/amsfonts/umsb.fd
File: umsb.fd 2013/01/14 v3.01 AMS symbols B
)
LaTeX Font Info:    Try loading font information for U+pzd on input line 78.

(/usr/pkg/share/texmf-dist/tex/latex/psnfss/upzd.fd
File: upzd.fd 2001/06/04 font definitions for U/pzd.
)
LaTeX Font Info:    Calculating math sizes for size <8.03> on input line 78.
LaTeX Font Info:    Try loading font information for OMS+ppl on input line 78.

(/usr/pkg/share/texmf-dist/tex/latex/psnfss/omsppl.fd
File: omsppl.fd 
)
LaTeX Font Info:    Font shape `OMS/ppl/m/it' in size <8.03> not available
(Font)              Font shape `OMS/cmsy/m/n' tried instead on input line 78.
LaTeX Font Info:    Font shape `OT1/phv/bx/n' in size <11.04124> not available
(Font)              Font shape `OT1/phv/b/n' tried instead on input line 81.
LaTeX Font Info:    Font shape `OT1/phv/bx/sc' in size <11.04124> not available

(Font)              Font shape `OT1/phv/b/sc' tried instead on input line 81.
LaTeX Font Info:    Try loading font information for OML+phv on input line 94.

(/usr/pkg/share/texmf-dist/tex/latex/psnfss/omlphv.fd
File: omlphv.fd 
)
LaTeX Font Info:    Font shape `OML/phv/m/n' in size <7.02625> not available
(Font)              Font shape `OML/cmm/m/it' tried instead on input line 94.
 [1{/var/lib/texmf/fonts/map/pdftex/updmap/pdftex.map}


]
LaTeX Font Info:    Font shape `OT1/phv/bx/n' in size <9.53561> not available
(Font)              Font shape `OT1/phv/b/n' tried instead on input line 108.
LaTeX Font Info:    Calculating math sizes for size <9.53561> on input line 126
.

Underfull \hbox (badness 2409) in paragraph at lines 141--143
[]\OT1/ppl/m/n/9.53561 Several multi-objective op-ti-miza-tion al-go-rithms are

 []

[2]
Overfull \hbox (3.10545pt too wide) detected at line 253
[] []
 []


Overfull \hbox (35.425pt too wide) detected at line 265
[] []
 []


Overfull \hbox (3.14848pt too wide) detected at line 283
[] []
 []

[3]
Underfull \hbox (badness 10000) in paragraph at lines 348--349

 []

LaTeX Font Info:    Font shape `OT1/phv/m/it' in size <9.53561> not available
(Font)              Font shape `OT1/phv/m/sl' tried instead on input line 370.
[4]
Package epstopdf Info: Source file: <pics/dynamic.eps>
(epstopdf)                    date: 2016-08-22 16:43:37
(epstopdf)                    size: 521654 bytes
(epstopdf)             Output file: <pics/dynamic-eps-converted-to.pdf>
(epstopdf)                    date: 2016-08-26 17:55:43
(epstopdf)                    size: 149844 bytes
(epstopdf)             Command: <repstopdf --outfile=pics/dynamic-eps-converted
-to.pdf pics/dynamic.eps>
(epstopdf)             \includegraphics on input line 408.
Package epstopdf Info: Output file is already uptodate.
 <pics/dynamic-eps-converted-to.pdf, id=246, 473.77pt x 434.62375pt>
File: pics/dynamic-eps-converted-to.pdf Graphic file (type pdf)

<use pics/dynamic-eps-converted-to.pdf>
Package pdftex.def Info: pics/dynamic-eps-converted-to.pdf used on input line 4
08.
(pdftex.def)             Requested size: 181.2804pt x 166.29941pt.
Package epstopdf Info: Source file: <pics/transfer.eps>
(epstopdf)                    date: 2016-08-22 16:44:08
(epstopdf)                    size: 328484 bytes
(epstopdf)             Output file: <pics/transfer-eps-converted-to.pdf>
(epstopdf)                    date: 2016-08-26 17:55:43
(epstopdf)                    size: 69360 bytes
(epstopdf)             Command: <repstopdf --outfile=pics/transfer-eps-converte
d-to.pdf pics/transfer.eps>
(epstopdf)             \includegraphics on input line 428.
Package epstopdf Info: Output file is already uptodate.

<pics/transfer-eps-converted-to.pdf, id=251, 632.3625pt x 295.1025pt>
File: pics/transfer-eps-converted-to.pdf Graphic file (type pdf)

<use pics/transfer-eps-converted-to.pdf>
Package pdftex.def Info: pics/transfer-eps-converted-to.pdf used on input line 
428.
(pdftex.def)             Requested size: 207.17084pt x 96.67715pt.
 [5 <./pics/dynamic-eps-converted-to.pdf> <./pics/transfer-eps-converted-to.pdf
>]
Package hyperref Info: bookmark level for unknown algorithm defaults to 0 on in
put line 475.
 [6]
Package epstopdf Info: Source file: <pics/dynamic_problem_2.eps>
(epstopdf)                    date: 2016-08-22 16:43:38
(epstopdf)                    size: 408669 bytes
(epstopdf)             Output file: <pics/dynamic_problem_2-eps-converted-to.pd
f>
(epstopdf)                    date: 2016-08-26 17:55:44
(epstopdf)                    size: 102502 bytes
(epstopdf)             Command: <repstopdf --outfile=pics/dynamic_problem_2-eps
-converted-to.pdf pics/dynamic_problem_2.eps>
(epstopdf)             \includegraphics on input line 599.
Package epstopdf Info: Output file is already uptodate.

<pics/dynamic_problem_2-eps-converted-to.pdf, id=308, 481.8pt x 476.78125pt>
File: pics/dynamic_problem_2-eps-converted-to.pdf Graphic file (type pdf)

<use pics/dynamic_problem_2-eps-converted-to.pdf>
Package pdftex.def Info: pics/dynamic_problem_2-eps-converted-to.pdf used on in
put line 599.
(pdftex.def)             Requested size: 123.94443pt x 122.65068pt.
Package epstopdf Info: Source file: <pics/dynamic_problem_3.eps>
(epstopdf)                    date: 2016-08-22 16:43:40
(epstopdf)                    size: 428175 bytes
(epstopdf)             Output file: <pics/dynamic_problem_3-eps-converted-to.pd
f>
(epstopdf)                    date: 2016-08-26 17:55:44
(epstopdf)                    size: 101121 bytes
(epstopdf)             Command: <repstopdf --outfile=pics/dynamic_problem_3-eps
-converted-to.pdf pics/dynamic_problem_3.eps>
(epstopdf)             \includegraphics on input line 603.
Package epstopdf Info: Output file is already uptodate.

<pics/dynamic_problem_3-eps-converted-to.pdf, id=309, 476.78125pt x 468.75125pt
>
File: pics/dynamic_problem_3-eps-converted-to.pdf Graphic file (type pdf)
 <use pics/dynamic_problem_3-eps-converted-to.pdf>
Package pdftex.def Info: pics/dynamic_problem_3-eps-converted-to.pdf used on in
put line 603.
(pdftex.def)             Requested size: 123.94443pt x 121.85814pt.
Package epstopdf Info: Source file: <pics/dynamic_problem_4.eps>
(epstopdf)                    date: 2016-08-22 16:43:42
(epstopdf)                    size: 429656 bytes
(epstopdf)             Output file: <pics/dynamic_problem_4-eps-converted-to.pd
f>
(epstopdf)                    date: 2016-08-26 17:55:44
(epstopdf)                    size: 96785 bytes
(epstopdf)             Command: <repstopdf --outfile=pics/dynamic_problem_4-eps
-converted-to.pdf pics/dynamic_problem_4.eps>
(epstopdf)             \includegraphics on input line 607.
Package epstopdf Info: Output file is already uptodate.

<pics/dynamic_problem_4-eps-converted-to.pdf, id=310, 480.79625pt x 470.75874pt
>
File: pics/dynamic_problem_4-eps-converted-to.pdf Graphic file (type pdf)
 <use pics/dynamic_problem_4-eps-converted-to.pdf>
Package pdftex.def Info: pics/dynamic_problem_4-eps-converted-to.pdf used on in
put line 607.
(pdftex.def)             Requested size: 123.94443pt x 121.35281pt.
Package epstopdf Info: Source file: <pics/dynamic_problem_5.eps>
(epstopdf)                    date: 2016-08-22 16:43:43
(epstopdf)                    size: 431243 bytes
(epstopdf)             Output file: <pics/dynamic_problem_5-eps-converted-to.pd
f>
(epstopdf)                    date: 2016-08-26 17:55:45
(epstopdf)                    size: 93597 bytes
(epstopdf)             Command: <repstopdf --outfile=pics/dynamic_problem_5-eps
-converted-to.pdf pics/dynamic_problem_5.eps>
(epstopdf)             \includegraphics on input line 611.
Package epstopdf Info: Output file is already uptodate.

<pics/dynamic_problem_5-eps-converted-to.pdf, id=311, 481.8pt x 471.7625pt>
File: pics/dynamic_problem_5-eps-converted-to.pdf Graphic file (type pdf)

<use pics/dynamic_problem_5-eps-converted-to.pdf>
Package pdftex.def Info: pics/dynamic_problem_5-eps-converted-to.pdf used on in
put line 611.
(pdftex.def)             Requested size: 123.94443pt x 121.35962pt.
 [7 <./pics/dynamic_problem_2-eps-converted-to.pdf> <./pics/dynamic_problem_3-e
ps-converted-to.pdf> <./pics/dynamic_problem_4-eps-converted-to.pdf> <./pics/dy
namic_problem_5-eps-converted-to.pdf>]

LaTeX Warning: No positions in optional float specifier.
               Default added (so using `tbp') on input line 655.

Package epstopdf Info: Source file: <pics/transfer_problem2.eps>
(epstopdf)                    date: 2016-08-22 16:44:09
(epstopdf)                    size: 380222 bytes
(epstopdf)             Output file: <pics/transfer_problem2-eps-converted-to.pd
f>
(epstopdf)                    date: 2016-08-26 17:55:45
(epstopdf)                    size: 91791 bytes
(epstopdf)             Command: <repstopdf --outfile=pics/transfer_problem2-eps
-converted-to.pdf pics/transfer_problem2.eps>
(epstopdf)             \includegraphics on input line 670.
Package epstopdf Info: Output file is already uptodate.
<pics/transfer_problem2-eps-converted-to.pdf, id=335, 479.7925pt x 469.755pt>
File: pics/transfer_problem2-eps-converted-to.pdf Graphic file (type pdf)

<use pics/transfer_problem2-eps-converted-to.pdf>
Package pdftex.def Info: pics/transfer_problem2-eps-converted-to.pdf used on in
put line 670.
(pdftex.def)             Requested size: 123.94443pt x 121.34496pt.
Package epstopdf Info: Source file: <pics/transfer_problem3.eps>
(epstopdf)                    date: 2016-08-22 16:44:11
(epstopdf)                    size: 387687 bytes
(epstopdf)             Output file: <pics/transfer_problem3-eps-converted-to.pd
f>
(epstopdf)                    date: 2016-08-26 17:55:45
(epstopdf)                    size: 89762 bytes
(epstopdf)             Command: <repstopdf --outfile=pics/transfer_problem3-eps
-converted-to.pdf pics/transfer_problem3.eps>
(epstopdf)             \includegraphics on input line 674.
Package epstopdf Info: Output file is already uptodate.

<pics/transfer_problem3-eps-converted-to.pdf, id=336, 480.79625pt x 467.7475pt>
File: pics/transfer_problem3-eps-converted-to.pdf Graphic file (type pdf)
<use pics/transfer_problem3-eps-converted-to.pdf>
Package pdftex.def Info: pics/transfer_problem3-eps-converted-to.pdf used on in
put line 674.
(pdftex.def)             Requested size: 123.94443pt x 120.57657pt.
Package epstopdf Info: Source file: <pics/transfer_problem4.eps>
(epstopdf)                    date: 2016-08-22 16:44:13
(epstopdf)                    size: 384569 bytes
(epstopdf)             Output file: <pics/transfer_problem4-eps-converted-to.pd
f>
(epstopdf)                    date: 2016-08-26 17:55:45
(epstopdf)                    size: 90596 bytes
(epstopdf)             Command: <repstopdf --outfile=pics/transfer_problem4-eps
-converted-to.pdf pics/transfer_problem4.eps>
(epstopdf)             \includegraphics on input line 678.
Package epstopdf Info: Output file is already uptodate.

<pics/transfer_problem4-eps-converted-to.pdf, id=337, 478.78876pt x 466.74374pt
>
File: pics/transfer_problem4-eps-converted-to.pdf Graphic file (type pdf)
 <use pics/transfer_problem4-eps-converted-to.pdf>
Package pdftex.def Info: pics/transfer_problem4-eps-converted-to.pdf used on in
put line 678.
(pdftex.def)             Requested size: 123.94443pt x 120.82349pt.
Package epstopdf Info: Source file: <pics/transfer_problem5.eps>
(epstopdf)                    date: 2016-08-22 16:44:16
(epstopdf)                    size: 391385 bytes
(epstopdf)             Output file: <pics/transfer_problem5-eps-converted-to.pd
f>
(epstopdf)                    date: 2016-08-26 17:55:46
(epstopdf)                    size: 93617 bytes
(epstopdf)             Command: <repstopdf --outfile=pics/transfer_problem5-eps
-converted-to.pdf pics/transfer_problem5.eps>
(epstopdf)             \includegraphics on input line 682.
Package epstopdf Info: Output file is already uptodate.

<pics/transfer_problem5-eps-converted-to.pdf, id=338, 480.79625pt x 468.75125pt
>
File: pics/transfer_problem5-eps-converted-to.pdf Graphic file (type pdf)
 <use pics/transfer_problem5-eps-converted-to.pdf>
Package pdftex.def Info: pics/transfer_problem5-eps-converted-to.pdf used on in
put line 682.
(pdftex.def)             Requested size: 123.94443pt x 120.83533pt.


LaTeX Warning: `!h' float specifier changed to `!ht'.

Package epstopdf Info: Source file: <pics/combination_problem2.eps>
(epstopdf)                    date: 2016-08-22 16:42:29
(epstopdf)                    size: 393480 bytes
(epstopdf)             Output file: <pics/combination_problem2-eps-converted-to
.pdf>
(epstopdf)                    date: 2016-08-26 17:55:46
(epstopdf)                    size: 103608 bytes
(epstopdf)             Command: <repstopdf --outfile=pics/combination_problem2-
eps-converted-to.pdf pics/combination_problem2.eps>
(epstopdf)             \includegraphics on input line 700.
Package epstopdf Info: Output file is already uptodate.

<pics/combination_problem2-eps-converted-to.pdf, id=341, 479.7925pt x 471.7625p
t>
File: pics/combination_problem2-eps-converted-to.pdf Graphic file (type pdf)
 <use pics/combination_problem2-eps-converted-to.pdf>
Package pdftex.def Info: pics/combination_problem2-eps-converted-to.pdf used on
 input line 700.
(pdftex.def)             Requested size: 123.94443pt x 121.86351pt.
Package epstopdf Info: Source file: <pics/combination_problem3.eps>
(epstopdf)                    date: 2016-08-22 16:42:31
(epstopdf)                    size: 393876 bytes
(epstopdf)             Output file: <pics/combination_problem3-eps-converted-to
.pdf>
(epstopdf)                    date: 2016-08-26 17:55:46
(epstopdf)                    size: 104669 bytes
(epstopdf)             Command: <repstopdf --outfile=pics/combination_problem3-
eps-converted-to.pdf pics/combination_problem3.eps>
(epstopdf)             \includegraphics on input line 704.
Package epstopdf Info: Output file is already uptodate.

<pics/combination_problem3-eps-converted-to.pdf, id=342, 483.8075pt x 472.76625
pt>
File: pics/combination_problem3-eps-converted-to.pdf Graphic file (type pdf)
 <use pics/combination_problem3-eps-converted-to.pdf>
Package pdftex.def Info: pics/combination_problem3-eps-converted-to.pdf used on
 input line 704.
(pdftex.def)             Requested size: 123.94443pt x 121.11287pt.
Package epstopdf Info: Source file: <pics/combination_problem4.eps>
(epstopdf)                    date: 2016-08-22 16:42:32
(epstopdf)                    size: 392301 bytes
(epstopdf)             Output file: <pics/combination_problem4-eps-converted-to
.pdf>
(epstopdf)                    date: 2016-08-26 17:55:47
(epstopdf)                    size: 99446 bytes
(epstopdf)             Command: <repstopdf --outfile=pics/combination_problem4-
eps-converted-to.pdf pics/combination_problem4.eps>
(epstopdf)             \includegraphics on input line 708.
Package epstopdf Info: Output file is already uptodate.

<pics/combination_problem4-eps-converted-to.pdf, id=343, 477.785pt x 466.74374p
t>
File: pics/combination_problem4-eps-converted-to.pdf Graphic file (type pdf)
 <use pics/combination_problem4-eps-converted-to.pdf>
Package pdftex.def Info: pics/combination_problem4-eps-converted-to.pdf used on
 input line 708.
(pdftex.def)             Requested size: 123.94443pt x 121.07986pt.
Package epstopdf Info: Source file: <pics/combination_problem5.eps>
(epstopdf)                    date: 2016-08-22 16:43:35
(epstopdf)                    size: 391590 bytes
(epstopdf)             Output file: <pics/combination_problem5-eps-converted-to
.pdf>
(epstopdf)                    date: 2016-08-26 17:55:47
(epstopdf)                    size: 101416 bytes
(epstopdf)             Command: <repstopdf --outfile=pics/combination_problem5-
eps-converted-to.pdf pics/combination_problem5.eps>
(epstopdf)             \includegraphics on input line 712.
Package epstopdf Info: Output file is already uptodate.

<pics/combination_problem5-eps-converted-to.pdf, id=344, 482.80376pt x 471.7625
pt>
File: pics/combination_problem5-eps-converted-to.pdf Graphic file (type pdf)
 <use pics/combination_problem5-eps-converted-to.pdf>
Package pdftex.def Info: pics/combination_problem5-eps-converted-to.pdf used on
 input line 712.
(pdftex.def)             Requested size: 123.94443pt x 121.10767pt.


LaTeX Warning: `!h' float specifier changed to `!ht'.

[8 <./pics/transfer_problem2-eps-converted-to.pdf> <./pics/transfer_problem3-ep
s-converted-to.pdf> <./pics/transfer_problem4-eps-converted-to.pdf> <./pics/tra
nsfer_problem5-eps-converted-to.pdf> <./pics/combination_problem2-eps-converted
-to.pdf> <./pics/combination_problem3-eps-converted-to.pdf> <./pics/combination
_problem4-eps-converted-to.pdf> <./pics/combination_problem5-eps-converted-to.p
df>]
Package epstopdf Info: Source file: <pics/total1.eps>
(epstopdf)                    date: 2016-08-22 16:43:47
(epstopdf)                    size: 418175 bytes
(epstopdf)             Output file: <pics/total1-eps-converted-to.pdf>
(epstopdf)                    date: 2016-08-26 17:55:47
(epstopdf)                    size: 106056 bytes
(epstopdf)             Command: <repstopdf --outfile=pics/total1-eps-converted-
to.pdf pics/total1.eps>
(epstopdf)             \includegraphics on input line 811.
Package epstopdf Info: Output file is already uptodate.
 <pics/total1-eps-converted-to.pdf, id=380, 473.77pt x 436.63126pt>
File: pics/total1-eps-converted-to.pdf Graphic file (type pdf)

<use pics/total1-eps-converted-to.pdf>
Package pdftex.def Info: pics/total1-eps-converted-to.pdf used on input line 81
1.
(pdftex.def)             Requested size: 129.48375pt x 119.3311pt.
Package epstopdf Info: Source file: <pics/total2.eps>
(epstopdf)                    date: 2016-08-22 16:43:48
(epstopdf)                    size: 412542 bytes
(epstopdf)             Output file: <pics/total2-eps-converted-to.pdf>
(epstopdf)                    date: 2016-08-26 17:55:47
(epstopdf)                    size: 111846 bytes
(epstopdf)             Command: <repstopdf --outfile=pics/total2-eps-converted-
to.pdf pics/total2.eps>
(epstopdf)             \includegraphics on input line 815.
Package epstopdf Info: Output file is already uptodate.

<pics/total2-eps-converted-to.pdf, id=381, 481.8pt x 435.6275pt>
File: pics/total2-eps-converted-to.pdf Graphic file (type pdf)

<use pics/total2-eps-converted-to.pdf>
Package pdftex.def Info: pics/total2-eps-converted-to.pdf used on input line 81
5.
(pdftex.def)             Requested size: 129.48375pt x 117.06927pt.
Package epstopdf Info: Source file: <pics/total3.eps>
(epstopdf)                    date: 2016-08-22 16:43:49
(epstopdf)                    size: 394627 bytes
(epstopdf)             Output file: <pics/total3-eps-converted-to.pdf>
(epstopdf)                    date: 2016-08-26 17:55:48
(epstopdf)                    size: 100463 bytes
(epstopdf)             Command: <repstopdf --outfile=pics/total3-eps-converted-
to.pdf pics/total3.eps>
(epstopdf)             \includegraphics on input line 819.
Package epstopdf Info: Output file is already uptodate.

<pics/total3-eps-converted-to.pdf, id=382, 474.77374pt x 438.63875pt>
File: pics/total3-eps-converted-to.pdf Graphic file (type pdf)

<use pics/total3-eps-converted-to.pdf>
Package pdftex.def Info: pics/total3-eps-converted-to.pdf used on input line 81
9.
(pdftex.def)             Requested size: 129.48375pt x 119.6254pt.
Package epstopdf Info: Source file: <pics/total4.eps>
(epstopdf)                    date: 2016-08-22 16:43:51
(epstopdf)                    size: 395646 bytes
(epstopdf)             Output file: <pics/total4-eps-converted-to.pdf>
(epstopdf)                    date: 2016-08-26 17:55:48
(epstopdf)                    size: 101576 bytes
(epstopdf)             Command: <repstopdf --outfile=pics/total4-eps-converted-
to.pdf pics/total4.eps>
(epstopdf)             \includegraphics on input line 823.
Package epstopdf Info: Output file is already uptodate.

<pics/total4-eps-converted-to.pdf, id=383, 479.7925pt x 436.63126pt>
File: pics/total4-eps-converted-to.pdf Graphic file (type pdf)

<use pics/total4-eps-converted-to.pdf>
Package pdftex.def Info: pics/total4-eps-converted-to.pdf used on input line 82
3.
(pdftex.def)             Requested size: 129.48375pt x 117.83205pt.
Package epstopdf Info: Source file: <pics/total5.eps>
(epstopdf)                    date: 2016-08-22 16:43:52
(epstopdf)                    size: 404668 bytes
(epstopdf)             Output file: <pics/total5-eps-converted-to.pdf>
(epstopdf)                    date: 2016-08-26 17:55:48
(epstopdf)                    size: 101256 bytes
(epstopdf)             Command: <repstopdf --outfile=pics/total5-eps-converted-
to.pdf pics/total5.eps>
(epstopdf)             \includegraphics on input line 827.
Package epstopdf Info: Output file is already uptodate.

<pics/total5-eps-converted-to.pdf, id=384, 476.78125pt x 436.63126pt>
File: pics/total5-eps-converted-to.pdf Graphic file (type pdf)

<use pics/total5-eps-converted-to.pdf>
Package pdftex.def Info: pics/total5-eps-converted-to.pdf used on input line 82
7.
(pdftex.def)             Requested size: 129.48375pt x 118.57825pt.
Package epstopdf Info: Source file: <pics/total6.eps>
(epstopdf)                    date: 2016-08-22 16:43:53
(epstopdf)                    size: 402013 bytes
(epstopdf)             Output file: <pics/total6-eps-converted-to.pdf>
(epstopdf)                    date: 2016-08-26 17:55:49
(epstopdf)                    size: 102272 bytes
(epstopdf)             Command: <repstopdf --outfile=pics/total6-eps-converted-
to.pdf pics/total6.eps>
(epstopdf)             \includegraphics on input line 831.
Package epstopdf Info: Output file is already uptodate.

<pics/total6-eps-converted-to.pdf, id=385, 476.78125pt x 434.62375pt>
File: pics/total6-eps-converted-to.pdf Graphic file (type pdf)

<use pics/total6-eps-converted-to.pdf>
Package pdftex.def Info: pics/total6-eps-converted-to.pdf used on input line 83
1.
(pdftex.def)             Requested size: 129.48375pt x 118.03305pt.
Package epstopdf Info: Source file: <pics/total7.eps>
(epstopdf)                    date: 2016-08-22 16:43:55
(epstopdf)                    size: 403432 bytes
(epstopdf)             Output file: <pics/total7-eps-converted-to.pdf>
(epstopdf)                    date: 2016-08-26 17:55:49
(epstopdf)                    size: 98939 bytes
(epstopdf)             Command: <repstopdf --outfile=pics/total7-eps-converted-
to.pdf pics/total7.eps>
(epstopdf)             \includegraphics on input line 835.
Package epstopdf Info: Output file is already uptodate.

<pics/total7-eps-converted-to.pdf, id=386, 476.78125pt x 431.6125pt>
File: pics/total7-eps-converted-to.pdf Graphic file (type pdf)

<use pics/total7-eps-converted-to.pdf>
Package pdftex.def Info: pics/total7-eps-converted-to.pdf used on input line 83
5.
(pdftex.def)             Requested size: 129.48375pt x 117.21527pt.
Package epstopdf Info: Source file: <pics/total8.eps>
(epstopdf)                    date: 2016-08-22 16:43:56
(epstopdf)                    size: 395034 bytes
(epstopdf)             Output file: <pics/total8-eps-converted-to.pdf>
(epstopdf)                    date: 2016-08-26 17:55:49
(epstopdf)                    size: 101130 bytes
(epstopdf)             Command: <repstopdf --outfile=pics/total8-eps-converted-
to.pdf pics/total8.eps>
(epstopdf)             \includegraphics on input line 839.
Package epstopdf Info: Output file is already uptodate.

<pics/total8-eps-converted-to.pdf, id=387, 477.785pt x 436.63126pt>
File: pics/total8-eps-converted-to.pdf Graphic file (type pdf)

<use pics/total8-eps-converted-to.pdf>
Package pdftex.def Info: pics/total8-eps-converted-to.pdf used on input line 83
9.
(pdftex.def)             Requested size: 129.48375pt x 118.32507pt.
Package epstopdf Info: Source file: <pics/total9.eps>
(epstopdf)                    date: 2016-08-22 16:43:58
(epstopdf)                    size: 399085 bytes
(epstopdf)             Output file: <pics/total9-eps-converted-to.pdf>
(epstopdf)                    date: 2016-08-26 17:55:49
(epstopdf)                    size: 97814 bytes
(epstopdf)             Command: <repstopdf --outfile=pics/total9-eps-converted-
to.pdf pics/total9.eps>
(epstopdf)             \includegraphics on input line 843.
Package epstopdf Info: Output file is already uptodate.

<pics/total9-eps-converted-to.pdf, id=388, 475.7775pt x 432.61626pt>
File: pics/total9-eps-converted-to.pdf Graphic file (type pdf)

<use pics/total9-eps-converted-to.pdf>
Package pdftex.def Info: pics/total9-eps-converted-to.pdf used on input line 84
3.
(pdftex.def)             Requested size: 129.48375pt x 117.73871pt.
Package epstopdf Info: Source file: <pics/total10.eps>
(epstopdf)                    date: 2016-08-22 16:43:59
(epstopdf)                    size: 398294 bytes
(epstopdf)             Output file: <pics/total10-eps-converted-to.pdf>
(epstopdf)                    date: 2016-08-26 17:55:50
(epstopdf)                    size: 102186 bytes
(epstopdf)             Command: <repstopdf --outfile=pics/total10-eps-converted
-to.pdf pics/total10.eps>
(epstopdf)             \includegraphics on input line 847.
Package epstopdf Info: Output file is already uptodate.

<pics/total10-eps-converted-to.pdf, id=389, 476.78125pt x 434.62375pt>
File: pics/total10-eps-converted-to.pdf Graphic file (type pdf)

<use pics/total10-eps-converted-to.pdf>
Package pdftex.def Info: pics/total10-eps-converted-to.pdf used on input line 8
47.
(pdftex.def)             Requested size: 129.48375pt x 118.03305pt.
Package epstopdf Info: Source file: <pics/total11.eps>
(epstopdf)                    date: 2016-08-22 16:44:00
(epstopdf)                    size: 400036 bytes
(epstopdf)             Output file: <pics/total11-eps-converted-to.pdf>
(epstopdf)                    date: 2016-08-26 17:55:50
(epstopdf)                    size: 101329 bytes
(epstopdf)             Command: <repstopdf --outfile=pics/total11-eps-converted
-to.pdf pics/total11.eps>
(epstopdf)             \includegraphics on input line 851.
Package epstopdf Info: Output file is already uptodate.

<pics/total11-eps-converted-to.pdf, id=390, 473.77pt x 440.64626pt>
File: pics/total11-eps-converted-to.pdf Graphic file (type pdf)

<use pics/total11-eps-converted-to.pdf>
Package pdftex.def Info: pics/total11-eps-converted-to.pdf used on input line 8
51.
(pdftex.def)             Requested size: 129.48375pt x 120.42839pt.
Package epstopdf Info: Source file: <pics/total12.eps>
(epstopdf)                    date: 2016-08-22 16:44:03
(epstopdf)                    size: 401247 bytes
(epstopdf)             Output file: <pics/total12-eps-converted-to.pdf>
(epstopdf)                    date: 2016-08-26 17:55:50
(epstopdf)                    size: 102534 bytes
(epstopdf)             Command: <repstopdf --outfile=pics/total12-eps-converted
-to.pdf pics/total12.eps>
(epstopdf)             \includegraphics on input line 855.
Package epstopdf Info: Output file is already uptodate.

<pics/total12-eps-converted-to.pdf, id=391, 477.785pt x 437.635pt>
File: pics/total12-eps-converted-to.pdf Graphic file (type pdf)

<use pics/total12-eps-converted-to.pdf>
Package pdftex.def Info: pics/total12-eps-converted-to.pdf used on input line 8
55.
(pdftex.def)             Requested size: 129.48375pt x 118.59708pt.
Package epstopdf Info: Source file: <pics/total13.eps>
(epstopdf)                    date: 2016-08-22 16:44:05
(epstopdf)                    size: 397549 bytes
(epstopdf)             Output file: <pics/total13-eps-converted-to.pdf>
(epstopdf)                    date: 2016-08-26 17:55:51
(epstopdf)                    size: 102581 bytes
(epstopdf)             Command: <repstopdf --outfile=pics/total13-eps-converted
-to.pdf pics/total13.eps>
(epstopdf)             \includegraphics on input line 859.
Package epstopdf Info: Output file is already uptodate.

<pics/total13-eps-converted-to.pdf, id=392, 473.77pt x 431.6125pt>
File: pics/total13-eps-converted-to.pdf Graphic file (type pdf)

<use pics/total13-eps-converted-to.pdf>
Package pdftex.def Info: pics/total13-eps-converted-to.pdf used on input line 8
59.
(pdftex.def)             Requested size: 129.48375pt x 117.95947pt.
Package epstopdf Info: Source file: <pics/total14.eps>
(epstopdf)                    date: 2016-08-22 16:44:07
(epstopdf)                    size: 414900 bytes
(epstopdf)             Output file: <pics/total14-eps-converted-to.pdf>
(epstopdf)                    date: 2016-08-26 17:55:51
(epstopdf)                    size: 108213 bytes
(epstopdf)             Command: <repstopdf --outfile=pics/total14-eps-converted
-to.pdf pics/total14.eps>
(epstopdf)             \includegraphics on input line 863.
Package epstopdf Info: Output file is already uptodate.

<pics/total14-eps-converted-to.pdf, id=393, 476.78125pt x 434.62375pt>
File: pics/total14-eps-converted-to.pdf Graphic file (type pdf)

<use pics/total14-eps-converted-to.pdf>
Package pdftex.def Info: pics/total14-eps-converted-to.pdf used on input line 8
63.
(pdftex.def)             Requested size: 129.48375pt x 118.03305pt.


LaTeX Warning: Float too large for page by 26.71255pt on input line 867.

(./serivce_allocation_v2.bbl
** WARNING: IEEEtran.bst: No hyphenation pattern has been
** loaded for the language `English'. Using the pattern for
** the default language instead.
** WARNING: IEEEtran.bst: No hyphenation pattern has been
** loaded for the language `English'. Using the pattern for
** the default language instead.
[9]
Underfull \vbox (badness 7851) has occurred while \output is active []

Missing character: There is no  in font pplr7t!
Missing character: There is no  in font pplr7t!

Underfull \vbox (badness 3312) has occurred while \output is active []

 [10]
** WARNING: IEEEtran.bst: No hyphenation pattern has been
** loaded for the language `English'. Using the pattern for
** the default language instead.
** WARNING: IEEEtran.bst: No hyphenation pattern has been
** loaded for the language `English'. Using the pattern for
** the default language instead.
Missing character: There is no  in font pplr7t!
Missing character: There is no  in font pplr7t!
Missing character: There is no  in font pplri7t!
Missing character: There is no  in font pplri7t!
Missing character: There is no  in font pplri7t!
** WARNING: IEEEtran.bst: No hyphenation pattern has been
** loaded for the language `English'. Using the pattern for
** the default language instead.
** WARNING: IEEEtran.bst: No hyphenation pattern has been
** loaded for the language `English'. Using the pattern for
** the default language instead.
)
Package atveryend Info: Empty hook `BeforeClearDocument' on input line 889.
 [11] [12 <./pics/total1-eps-converted-to.pdf> <./pics/total2-eps-converted-to.
pdf> <./pics/total3-eps-converted-to.pdf> <./pics/total4-eps-converted-to.pdf> 
<./pics/total5-eps-converted-to.pdf> <./pics/total6-eps-converted-to.pdf> <./pi
cs/total7-eps-converted-to.pdf> <./pics/total8-eps-converted-to.pdf> <./pics/to
tal9-eps-converted-to.pdf> <./pics/total10-eps-converted-to.pdf> <./pics/total1
1-eps-converted-to.pdf> <./pics/total12-eps-converted-to.pdf> <./pics/total13-e
ps-converted-to.pdf> <./pics/total14-eps-converted-to.pdf>]
Package atveryend Info: Empty hook `AfterLastShipout' on input line 889.

(./serivce_allocation_v2.aux)
Package atveryend Info: Executing hook `AtVeryEndDocument' on input line 889.
Package atveryend Info: Executing hook `AtEndAfterFileList' on input line 889.
Package rerunfilecheck Info: File `serivce_allocation_v2.out' has not changed.
(rerunfilecheck)             Checksum: 6D28C2D38A6B4A782653371EB700E62A;2049.
Package atveryend Info: Empty hook `AtVeryVeryEnd' on input line 889.
 ) 
Here is how much of TeX's memory you used:
 9822 strings out of 493682
 154762 string characters out of 6155720
 279986 words of memory out of 5000000
 12902 multiletter control sequences out of 15000+600000
 54733 words of font info for 127 fonts, out of 8000000 for 9000
 893 hyphenation exceptions out of 8191
 42i,17n,42p,1613b,473s stack positions out of 5000i,500n,10000p,200000b,80000s
{/usr/pkg/share/texmf-dist/fonts/enc/dvips/base/8r.enc}</usr/pkg/share/texmf-
dist/fonts/type1/public/amsfonts/cm/cmex10.pfb></usr/pkg/share/texmf-dist/fonts
/type1/public/amsfonts/cm/cmmi10.pfb></usr/pkg/share/texmf-dist/fonts/type1/pub
lic/amsfonts/cm/cmmi5.pfb></usr/pkg/share/texmf-dist/fonts/type1/public/amsfont
s/cm/cmmi6.pfb></usr/pkg/share/texmf-dist/fonts/type1/public/amsfonts/cm/cmmi7.
pfb></usr/pkg/share/texmf-dist/fonts/type1/public/amsfonts/cm/cmmi8.pfb></usr/p
kg/share/texmf-dist/fonts/type1/public/amsfonts/cm/cmr10.pfb></usr/pkg/share/te
xmf-dist/fonts/type1/public/amsfonts/cm/cmr7.pfb></usr/pkg/share/texmf-dist/fon
ts/type1/public/amsfonts/cm/cmr8.pfb></usr/pkg/share/texmf-dist/fonts/type1/pub
lic/amsfonts/cm/cmsy10.pfb></usr/pkg/share/texmf-dist/fonts/type1/public/amsfon
ts/cm/cmsy7.pfb></usr/pkg/share/texmf-dist/fonts/type1/public/amsfonts/cm/cmsy8
.pfb></usr/pkg/share/texmf-dist/fonts/type1/public/amsfonts/symbols/msam10.pfb>
</usr/pkg/share/texmf-dist/fonts/type1/urw/helvetic/uhvb8a.pfb></usr/pkg/share/
texmf-dist/fonts/type1/urw/helvetic/uhvr8a.pfb></usr/pkg/share/texmf-dist/fonts
/type1/urw/helvetic/uhvro8a.pfb></usr/pkg/share/texmf-dist/fonts/type1/urw/pala
tino/uplb8a.pfb></usr/pkg/share/texmf-dist/fonts/type1/urw/palatino/uplr8a.pfb>
</usr/pkg/share/texmf-dist/fonts/type1/urw/palatino/uplri8a.pfb></usr/pkg/share
/texmf-dist/fonts/type1/urw/zapfding/uzdr.pfb>
Output written on serivce_allocation_v2.pdf (12 pages, 3031347 bytes).
PDF statistics:
 549 PDF objects out of 1000 (max. 8388607)
 454 compressed objects within 5 object streams
 114 named destinations out of 1000 (max. 500000)
 357 words of extra memory for PDF output out of 10000 (max. 10000000)

